This file contains any messages produced by compilers while
running configure, to aid debugging if configure makes a mistake.

configure:573: checking host system type
configure:594: checking target system type
configure:612: checking build system type
configure:638: checking for gcc
configure:751: checking whether the C compiler (gcc  ) works
configure:767: gcc -o conftest    conftest.c  1>&5
configure:764:1: warning: return type defaults to 'int' [-Wimplicit-int]
 main(){return(0);}
 ^
configure:793: checking whether the C compiler (gcc  ) is a cross-compiler
configure:798: checking whether we are using GNU C
configure:807: gcc -E conftest.c
configure:826: checking whether gcc accepts -g
configure:861: checking gcc version
configure:879: checking how to link static binaries
configure:910: checking for __progname
configure:923: gcc -o conftest -g -O2   conftest.c  1>&5
configure: In function 'main':
configure:919:2: warning: implicit declaration of function 'puts' [-Wimplicit-function-declaration]
  puts(__progname)
  ^
configure:946: checking how to run the C preprocessor
configure:967: gcc -E  conftest.c >/dev/null 2>conftest.out
configure:1029: checking for fcntl.h
configure:1039: gcc -E  conftest.c >/dev/null 2>conftest.out
configure:1029: checking for grp.h
configure:1039: gcc -E  conftest.c >/dev/null 2>conftest.out
configure:1029: checking for memory.h
configure:1039: gcc -E  conftest.c >/dev/null 2>conftest.out
configure:1029: checking for paths.h
configure:1039: gcc -E  conftest.c >/dev/null 2>conftest.out
configure:1029: checking for poll.h
configure:1039: gcc -E  conftest.c >/dev/null 2>conftest.out
configure:1029: checking for sys/poll.h
configure:1039: gcc -E  conftest.c >/dev/null 2>conftest.out
configure:1029: checking for sys/devpoll.h
configure:1039: gcc -E  conftest.c >/dev/null 2>conftest.out
configure:1035:25: fatal error: sys/devpoll.h: No such file or directory
compilation terminated.
configure: failed program was:
#line 1034 "configure"
#include "confdefs.h"
#include <sys/devpoll.h>
configure:1029: checking for sys/event.h
configure:1039: gcc -E  conftest.c >/dev/null 2>conftest.out
configure:1035:23: fatal error: sys/event.h: No such file or directory
compilation terminated.
configure: failed program was:
#line 1034 "configure"
#include "confdefs.h"
#include <sys/event.h>
configure:1029: checking for osreldate.h
configure:1039: gcc -E  conftest.c >/dev/null 2>conftest.out
configure:1035:23: fatal error: osreldate.h: No such file or directory
compilation terminated.
configure: failed program was:
#line 1034 "configure"
#include "confdefs.h"
#include <osreldate.h>
configure:1066: checking whether time.h and sys/time.h may both be included
configure:1080: gcc -c -g -O2  conftest.c 1>&5
configure:1105: checking for dirent.h that defines DIR
configure:1118: gcc -c -g -O2  conftest.c 1>&5
configure:1143: checking for opendir in -ldir
configure:1162: gcc -o conftest -g -O2   conftest.c -ldir   1>&5
/usr/bin/ld: cannot find -ldir
collect2: error: ld returned 1 exit status
configure: failed program was:
#line 1151 "configure"
#include "confdefs.h"
/* Override any gcc2 internal prototype to avoid an error.  */
/* We use char because int might match the return type of a gcc2
    builtin and then its argument prototype would still apply.  */
char opendir();

int main() {
opendir()
; return 0; }
configure:1228: checking for /usr/local/v6/lib
configure:1238: checking for gethostbyname
configure:1266: gcc -o conftest -g -O2   conftest.c  1>&5
configure:1451: checking for socket
configure:1479: gcc -o conftest -g -O2   conftest.c  1>&5
configure:1580: checking for main in -linet6
configure:1595: gcc -o conftest -g -O2   conftest.c -linet6   1>&5
/usr/bin/ld: cannot find -linet6
collect2: error: ld returned 1 exit status
configure: failed program was:
#line 1588 "configure"
#include "confdefs.h"

int main() {
main()
; return 0; }
configure:1624: checking for crypt
configure:1652: gcc -o conftest -g -O2   conftest.c  1>&5
/tmp/ccx7ffNR.o: In function `main':
/opt/TTx_Server/not-used/src/thttpd-2.27/configure:1646: undefined reference to `crypt'
collect2: error: ld returned 1 exit status
configure: failed program was:
#line 1629 "configure"
#include "confdefs.h"
/* System header to define __stub macros and hopefully few prototypes,
    which can conflict with char crypt(); below.  */
#include <assert.h>
/* Override any gcc2 internal prototype to avoid an error.  */
/* We use char because int might match the return type of a gcc2
    builtin and then its argument prototype would still apply.  */
char crypt();

int main() {

/* The GNU C library defines this for functions which it implements
    to always fail with ENOSYS.  Some functions are actually named
    something starting with __ and the normal name is an alias.  */
#if defined (__stub_crypt) || defined (__stub___crypt)
choke me
#else
crypt();
#endif

; return 0; }
configure:1670: checking for crypt in -lcrypt
configure:1689: gcc -o conftest -g -O2   conftest.c -lcrypt   1>&5
configure:1719: checking for hstrerror
configure:1747: gcc -o conftest -g -O2   conftest.c -lcrypt  1>&5
configure:1810: checking for strerror
configure:1838: gcc -o conftest -g -O2   conftest.c -lcrypt  1>&5
configure:1867: checking for waitpid
configure:1895: gcc -o conftest -g -O2   conftest.c -lcrypt  1>&5
configure:1867: checking for vsnprintf
configure:1895: gcc -o conftest -g -O2   conftest.c -lcrypt  1>&5
configure:1879:6: warning: conflicting types for built-in function 'vsnprintf'
 char $ac_func();
      ^
configure:1867: checking for daemon
configure:1895: gcc -o conftest -g -O2   conftest.c -lcrypt  1>&5
configure:1867: checking for setsid
configure:1895: gcc -o conftest -g -O2   conftest.c -lcrypt  1>&5
configure:1867: checking for setlogin
configure:1895: gcc -o conftest -g -O2   conftest.c -lcrypt  1>&5
configure: In function 'main':
configure:1887:1: error: unknown type name 'choke'
 choke me
 ^
configure: failed program was:
#line 1872 "configure"
#include "confdefs.h"
/* System header to define __stub macros and hopefully few prototypes,
    which can conflict with char setlogin(); below.  */
#include <assert.h>
/* Override any gcc2 internal prototype to avoid an error.  */
/* We use char because int might match the return type of a gcc2
    builtin and then its argument prototype would still apply.  */
char setlogin();

int main() {

/* The GNU C library defines this for functions which it implements
    to always fail with ENOSYS.  Some functions are actually named
    something starting with __ and the normal name is an alias.  */
#if defined (__stub_setlogin) || defined (__stub___setlogin)
choke me
#else
setlogin();
#endif

; return 0; }
configure:1867: checking for getaddrinfo
configure:1895: gcc -o conftest -g -O2   conftest.c -lcrypt  1>&5
configure:1867: checking for getnameinfo
configure:1895: gcc -o conftest -g -O2   conftest.c -lcrypt  1>&5
configure:1867: checking for gai_strerror
configure:1895: gcc -o conftest -g -O2   conftest.c -lcrypt  1>&5
configure:1867: checking for kqueue
configure:1895: gcc -o conftest -g -O2   conftest.c -lcrypt  1>&5
/tmp/cc9x26i7.o: In function `main':
/opt/TTx_Server/not-used/src/thttpd-2.27/configure:1889: undefined reference to `kqueue'
collect2: error: ld returned 1 exit status
configure: failed program was:
#line 1872 "configure"
#include "confdefs.h"
/* System header to define __stub macros and hopefully few prototypes,
    which can conflict with char kqueue(); below.  */
#include <assert.h>
/* Override any gcc2 internal prototype to avoid an error.  */
/* We use char because int might match the return type of a gcc2
    builtin and then its argument prototype would still apply.  */
char kqueue();

int main() {

/* The GNU C library defines this for functions which it implements
    to always fail with ENOSYS.  Some functions are actually named
    something starting with __ and the normal name is an alias.  */
#if defined (__stub_kqueue) || defined (__stub___kqueue)
choke me
#else
kqueue();
#endif

; return 0; }
configure:1867: checking for sigset
configure:1895: gcc -o conftest -g -O2   conftest.c -lcrypt  1>&5
configure:1867: checking for atoll
configure:1895: gcc -o conftest -g -O2   conftest.c -lcrypt  1>&5
configure:1923: checking for unistd.h
configure:1933: gcc -E  conftest.c >/dev/null 2>conftest.out
configure:1962: checking for getpagesize
configure:1990: gcc -o conftest -g -O2   conftest.c -lcrypt  1>&5
configure:2015: checking for working mmap
configure:2163: gcc -o conftest -g -O2   conftest.c -lcrypt  1>&5
configure:2094:7: warning: conflicting types for built-in function 'malloc'
 char *malloc();
       ^
configure: In function 'main':
configure:2104:13: warning: implicit declaration of function 'getpagesize' [-Wimplicit-function-declaration]
  pagesize = getpagesize();
             ^
configure:2111:3: warning: implicit declaration of function 'exit' [-Wimplicit-function-declaration]
   exit(1);
   ^
configure:2111:3: warning: incompatible implicit declaration of built-in function 'exit'
configure:2111:3: note: include '<stdlib.h>' or provide a declaration of 'exit'
configure:2113:17: warning: implicit declaration of function 'rand' [-Wimplicit-function-declaration]
   *(data + i) = rand();
                 ^
configure:2114:2: warning: implicit declaration of function 'umask' [-Wimplicit-function-declaration]
  umask(0);
  ^
configure:2117:3: warning: incompatible implicit declaration of built-in function 'exit'
   exit(1);
   ^
configure:2117:3: note: include '<stdlib.h>' or provide a declaration of 'exit'
configure:2118:6: warning: implicit declaration of function 'write' [-Wimplicit-function-declaration]
  if (write(fd, data, pagesize) != pagesize)
      ^
configure:2119:3: warning: incompatible implicit declaration of built-in function 'exit'
   exit(1);
   ^
configure:2119:3: note: include '<stdlib.h>' or provide a declaration of 'exit'
configure:2120:2: warning: implicit declaration of function 'close' [-Wimplicit-function-declaration]
  close(fd);
  ^
configure:2129:3: warning: incompatible implicit declaration of built-in function 'exit'
   exit(1);
   ^
configure:2129:3: note: include '<stdlib.h>' or provide a declaration of 'exit'
configure:2132:3: warning: incompatible implicit declaration of built-in function 'exit'
   exit(1);
   ^
configure:2132:3: note: include '<stdlib.h>' or provide a declaration of 'exit'
configure:2133:24: warning: cast from pointer to integer of different size [-Wpointer-to-int-cast]
  data2 += (pagesize - ((int) data2 & (pagesize - 1))) & (pagesize - 1);
                        ^
configure:2136:3: warning: incompatible implicit declaration of built-in function 'exit'
   exit(1);
   ^
configure:2136:3: note: include '<stdlib.h>' or provide a declaration of 'exit'
configure:2139:4: warning: incompatible implicit declaration of built-in function 'exit'
    exit(1);
    ^
configure:2139:4: note: include '<stdlib.h>' or provide a declaration of 'exit'
configure:2150:3: warning: incompatible implicit declaration of built-in function 'exit'
   exit(1);
   ^
configure:2150:3: note: include '<stdlib.h>' or provide a declaration of 'exit'
configure:2151:6: warning: implicit declaration of function 'read' [-Wimplicit-function-declaration]
  if (read(fd, data3, pagesize) != pagesize)
      ^
configure:2152:3: warning: incompatible implicit declaration of built-in function 'exit'
   exit(1);
   ^
configure:2152:3: note: include '<stdlib.h>' or provide a declaration of 'exit'
configure:2155:4: warning: incompatible implicit declaration of built-in function 'exit'
    exit(1);
    ^
configure:2155:4: note: include '<stdlib.h>' or provide a declaration of 'exit'
configure:2157:2: warning: implicit declaration of function 'unlink' [-Wimplicit-function-declaration]
  unlink("conftestmmap");
  ^
configure:2158:2: warning: incompatible implicit declaration of built-in function 'exit'
  exit(0);
  ^
configure:2158:2: note: include '<stdlib.h>' or provide a declaration of 'exit'
configure:2248: checking for select
configure:2276: gcc -o conftest -g -O2   conftest.c -lcrypt  1>&5
configure:2248: checking for poll
configure:2276: gcc -o conftest -g -O2   conftest.c -lcrypt  1>&5
configure:2304: checking if struct tm has tm_gmtoff member
configure:2318: gcc -c -g -O2  conftest.c 1>&5
configure:2338: checking if int64_t exists
configure:2351: gcc -c -g -O2  conftest.c 1>&5
configure:2371: checking if socklen_t exists
configure:2385: gcc -c -g -O2  conftest.c 1>&5
configure:2406: checking whether make sets ${MAKE}
configure:2444: checking for a BSD compatible install
